 | INF |Click on The Dropdown of Location
 | INF |Clicked on The Registration option
 | INF |Serch button had click
 | INF |Clicked on the ContactUs Option
 | INF |Clicked on the CuponReward Option
 | INF |Product Name had Entered
 | INF |Clicked on the LiveChat Option
 | INF |Clicked on the Whats new Option
 | INF |Click on The Dropdown of Location
 | INF |Clicked on The Registration option
 | INF |Serch button had click
 | INF |Clicked on the ContactUs Option
 | INF |Clicked on the CuponReward Option
 | INF |Product Name had Entered
 | INF |Clicked on the LiveChat Option
 | INF |Clicked on the Whats new Option
 | INF |Product Name had Entered
 | INF |Product Name had Entered
 | INF |Product Name had Entered
 | INF |Clicked on The Registration option
 | INF |Click on The Dropdown of Location
 | INF |Clicked on The Registration option
 | INF |Serch button had click
 | INF |Clicked on the ContactUs Option
 | INF |Clicked on the CuponReward Option
 | INF |Product Name had Entered
 | INF |Clicked on the LiveChat Option
 | INF |Clicked on the Whats new Option
